
Showing logs for build [32mcb-kubecd-environment-pr-485-15-c6rst-1[0m stage [32mfrom-build-pack[0m and container [32mstep-credential-initializer-h95fn[0m
{"level":"warn","ts":1568081265.845877,"logger":"fallback-logger","caller":"logging/config.go:69","msg":"Fetch GitHub commit ID from kodata failed: \"ref: refs/heads/master\" is not a valid GitHub commit ID"}
{"level":"info","ts":1568081265.8468065,"logger":"fallback-logger","caller":"creds-init/main.go:40","msg":"Credentials initialized."}

Showing logs for build [32mcb-kubecd-environment-pr-485-15-c6rst-1[0m stage [32mfrom-build-pack[0m and container [32mstep-working-dir-initializer-sf5d6[0m
{"level":"warn","ts":1568081266.7841723,"logger":"fallback-logger","caller":"logging/config.go:69","msg":"Fetch GitHub commit ID from kodata failed: open /var/run/ko/HEAD: no such file or directory"}
{"level":"info","ts":1568081266.7864292,"logger":"fallback-logger","caller":"bash/main.go:65","msg":"Successfully executed command \"mkdir -p /workspace/source /workspace/source/env\""}

Showing logs for build [32mcb-kubecd-environment-pr-485-15-c6rst-1[0m stage [32mfrom-build-pack[0m and container [32mstep-place-tools[0m

Showing logs for build [32mcb-kubecd-environment-pr-485-15-c6rst-1[0m stage [32mfrom-build-pack[0m and container [32mstep-git-source-cb-kubecd-environment-pr-485-15-qqt2k[0m
{"level":"warn","ts":1568081270.8396168,"logger":"fallback-logger","caller":"logging/config.go:69","msg":"Fetch GitHub commit ID from kodata failed: \"ref: refs/heads/master\" is not a valid GitHub commit ID"}
{"level":"info","ts":1568081271.9196882,"logger":"fallback-logger","caller":"git/git.go:102","msg":"Successfully cloned https://github.com/cb-kubecd/environment-pr-485-15-boot-local-production.git @ 890c9304091817d94558309f3f976a0a18037cc6 in path /workspace/source"}

Showing logs for build [32mcb-kubecd-environment-pr-485-15-c6rst-1[0m stage [32mfrom-build-pack[0m and container [32mstep-git-merge[0m
Using SHAs from PULL_REFS=master:e679ca787bd217004f2cd5443158904011052c3f,1:890c9304091817d94558309f3f976a0a18037cc6
DEBUG: ran git fetch --unshallow origin 890c9304091817d94558309f3f976a0a18037cc6: e679ca787bd217004f2cd5443158904011052c3f: in 
DEBUG: ran git checkout master in 
DEBUG: ran git reset --hard e679ca787bd217004f2cd5443158904011052c3f in 
DEBUG: ran clean --force -d . in 
DEBUG: ran git merge 890c9304091817d94558309f3f976a0a18037cc6 in 
Merged SHA 890c9304091817d94558309f3f976a0a18037cc6 with commit message 'chore: Promote bdd-spring-1568080517 to version 0.0.1' into base branch master

Showing logs for build [32mcb-kubecd-environment-pr-485-15-c6rst-1[0m stage [32mfrom-build-pack[0m and container [32mstep-build-helm-build[0m
WARNING: No $CHART_REPOSITORY defined so using the default value of: http://jenkins-x-chartmuseum:8080
Adding missing Helm repo: storage.googleapis.com https://storage.googleapis.com/chartmuseum.jenkins-x.io
Successfully added Helm repository storage.googleapis.com.
Adding missing Helm repo: jenkins-x-chartmuseum http://jenkins-x-chartmuseum:8080
Successfully added Helm repository jenkins-x-chartmuseum.
WARNING: No $CHART_REPOSITORY defined so using the default value of: http://jenkins-x-chartmuseum:8080
Adding missing Helm repo: chartmuseum.jenkins-x.io http://chartmuseum.jenkins-x.io
Successfully added Helm repository chartmuseum.jenkins-x.io.
